{"C:\\Users\\zkare\\source\\repos\\node-js\\vidly\\index.js": {"path":"C:\\Users\\zkare\\source\\repos\\node-js\\vidly\\index.js","statementMap":{"0":{"start":{"line":1,"column":16},"end":{"line":1,"column":34}},"1":{"start":{"line":2,"column":12},"end":{"line":2,"column":21}},"2":{"start":{"line":3,"column":16},"end":{"line":3,"column":34}},"3":{"start":{"line":5,"column":0},"end":{"line":5,"column":33}},"4":{"start":{"line":6,"column":0},"end":{"line":6,"column":26}},"5":{"start":{"line":7,"column":0},"end":{"line":7,"column":31}},"6":{"start":{"line":8,"column":0},"end":{"line":8,"column":30}},"7":{"start":{"line":9,"column":0},"end":{"line":9,"column":34}},"8":{"start":{"line":10,"column":0},"end":{"line":10,"column":28}},"9":{"start":{"line":12,"column":13},"end":{"line":12,"column":37}},"10":{"start":{"line":13,"column":15},"end":{"line":15,"column":2}},"11":{"start":{"line":14,"column":2},"end":{"line":14,"column":47}},"12":{"start":{"line":17,"column":0},"end":{"line":17,"column":24}}},"fnMap":{"0":{"name":"(anonymous_0)","decl":{"start":{"line":13,"column":32},"end":{"line":13,"column":33}},"loc":{"start":{"line":13,"column":38},"end":{"line":15,"column":1}},"line":13}},"branchMap":{"0":{"loc":{"start":{"line":12,"column":13},"end":{"line":12,"column":37}},"type":"binary-expr","locations":[{"start":{"line":12,"column":13},"end":{"line":12,"column":29}},{"start":{"line":12,"column":33},"end":{"line":12,"column":37}}],"line":12}},"s":{"0":22,"1":22,"2":22,"3":22,"4":22,"5":22,"6":22,"7":22,"8":22,"9":0,"10":0,"11":0,"12":0},"f":{"0":0},"b":{"0":[0,0]},"_coverageSchema":"1a1c01bbd47fc00a2c39e90264f33305004495a9","hash":"9cb5cf9ca07d34ded607bfe21802db6099d89c82"}
,"C:\\Users\\zkare\\source\\repos\\node-js\\vidly\\middleware\\admin.js": {"path":"C:\\Users\\zkare\\source\\repos\\node-js\\vidly\\middleware\\admin.js","statementMap":{"0":{"start":{"line":3,"column":0},"end":{"line":6,"column":1}},"1":{"start":{"line":4,"column":4},"end":{"line":4,"column":72}},"2":{"start":{"line":4,"column":26},"end":{"line":4,"column":72}},"3":{"start":{"line":5,"column":4},"end":{"line":5,"column":11}}},"fnMap":{"0":{"name":"(anonymous_0)","decl":{"start":{"line":3,"column":17},"end":{"line":3,"column":18}},"loc":{"start":{"line":3,"column":43},"end":{"line":6,"column":1}},"line":3}},"branchMap":{"0":{"loc":{"start":{"line":4,"column":4},"end":{"line":4,"column":72}},"type":"if","locations":[{"start":{"line":4,"column":4},"end":{"line":4,"column":72}},{"start":{},"end":{}}],"line":4}},"s":{"0":3,"1":0,"2":0,"3":0},"f":{"0":0},"b":{"0":[0,0]},"_coverageSchema":"1a1c01bbd47fc00a2c39e90264f33305004495a9","hash":"2ad743d722ae5fccce4fe717a0f2c0cb3af4401c"}
,"C:\\Users\\zkare\\source\\repos\\node-js\\vidly\\middleware\\auth.js": {"path":"C:\\Users\\zkare\\source\\repos\\node-js\\vidly\\middleware\\auth.js","statementMap":{"0":{"start":{"line":1,"column":12},"end":{"line":1,"column":35}},"1":{"start":{"line":2,"column":15},"end":{"line":2,"column":32}},"2":{"start":{"line":6,"column":16},"end":{"line":6,"column":42}},"3":{"start":{"line":9,"column":2},"end":{"line":11,"column":3}},"4":{"start":{"line":10,"column":4},"end":{"line":10,"column":69}},"5":{"start":{"line":14,"column":2},"end":{"line":25,"column":3}},"6":{"start":{"line":16,"column":20},"end":{"line":16,"column":66}},"7":{"start":{"line":19,"column":4},"end":{"line":19,"column":23}},"8":{"start":{"line":22,"column":4},"end":{"line":22,"column":11}},"9":{"start":{"line":24,"column":4},"end":{"line":24,"column":43}},"10":{"start":{"line":28,"column":0},"end":{"line":28,"column":22}}},"fnMap":{"0":{"name":"auth","decl":{"start":{"line":4,"column":9},"end":{"line":4,"column":13}},"loc":{"start":{"line":4,"column":30},"end":{"line":26,"column":1}},"line":4}},"branchMap":{"0":{"loc":{"start":{"line":9,"column":2},"end":{"line":11,"column":3}},"type":"if","locations":[{"start":{"line":9,"column":2},"end":{"line":11,"column":3}},{"start":{},"end":{}}],"line":9}},"s":{"0":4,"1":4,"2":1,"3":1,"4":0,"5":1,"6":1,"7":1,"8":1,"9":0,"10":4},"f":{"0":1},"b":{"0":[0,1]},"_coverageSchema":"1a1c01bbd47fc00a2c39e90264f33305004495a9","hash":"479908bba51aef013da45f43fb575af500cd86c1"}
,"C:\\Users\\zkare\\source\\repos\\node-js\\vidly\\middleware\\error.js": {"path":"C:\\Users\\zkare\\source\\repos\\node-js\\vidly\\middleware\\error.js","statementMap":{"0":{"start":{"line":1,"column":16},"end":{"line":1,"column":34}},"1":{"start":{"line":3,"column":0},"end":{"line":17,"column":1}},"2":{"start":{"line":4,"column":2},"end":{"line":4,"column":34}},"3":{"start":{"line":15,"column":2},"end":{"line":15,"column":34}},"4":{"start":{"line":16,"column":2},"end":{"line":16,"column":44}}},"fnMap":{"0":{"name":"(anonymous_0)","decl":{"start":{"line":3,"column":17},"end":{"line":3,"column":18}},"loc":{"start":{"line":3,"column":48},"end":{"line":17,"column":1}},"line":3}},"branchMap":{},"s":{"0":3,"1":3,"2":0,"3":0,"4":0},"f":{"0":0},"b":{},"_coverageSchema":"1a1c01bbd47fc00a2c39e90264f33305004495a9","hash":"fafdb5107259fe086252596652ead2e3a05e1a28"}
,"C:\\Users\\zkare\\source\\repos\\node-js\\vidly\\middleware\\validateObjectId.js": {"path":"C:\\Users\\zkare\\source\\repos\\node-js\\vidly\\middleware\\validateObjectId.js","statementMap":{"0":{"start":{"line":1,"column":17},"end":{"line":1,"column":37}},"1":{"start":{"line":3,"column":0},"end":{"line":8,"column":2}},"2":{"start":{"line":4,"column":2},"end":{"line":5,"column":47}},"3":{"start":{"line":5,"column":4},"end":{"line":5,"column":47}},"4":{"start":{"line":7,"column":2},"end":{"line":7,"column":9}}},"fnMap":{"0":{"name":"(anonymous_0)","decl":{"start":{"line":3,"column":17},"end":{"line":3,"column":18}},"loc":{"start":{"line":3,"column":43},"end":{"line":8,"column":1}},"line":3}},"branchMap":{"0":{"loc":{"start":{"line":4,"column":2},"end":{"line":5,"column":47}},"type":"if","locations":[{"start":{"line":4,"column":2},"end":{"line":5,"column":47}},{"start":{},"end":{}}],"line":4}},"s":{"0":3,"1":3,"2":0,"3":0,"4":0},"f":{"0":0},"b":{"0":[0,0]},"_coverageSchema":"1a1c01bbd47fc00a2c39e90264f33305004495a9","hash":"c1573fc43d2f439529a7d77c48e7ef90efcb1721"}
,"C:\\Users\\zkare\\source\\repos\\node-js\\vidly\\models\\customer.js": {"path":"C:\\Users\\zkare\\source\\repos\\node-js\\vidly\\models\\customer.js","statementMap":{"0":{"start":{"line":1,"column":12},"end":{"line":1,"column":26}},"1":{"start":{"line":2,"column":17},"end":{"line":2,"column":36}},"2":{"start":{"line":4,"column":23},"end":{"line":21,"column":2}},"3":{"start":{"line":23,"column":17},"end":{"line":23,"column":59}},"4":{"start":{"line":26,"column":17},"end":{"line":30,"column":4}},"5":{"start":{"line":32,"column":2},"end":{"line":32,"column":35}},"6":{"start":{"line":35,"column":0},"end":{"line":38,"column":2}}},"fnMap":{"0":{"name":"validateCustomer","decl":{"start":{"line":25,"column":9},"end":{"line":25,"column":25}},"loc":{"start":{"line":25,"column":36},"end":{"line":33,"column":1}},"line":25}},"branchMap":{},"s":{"0":3,"1":3,"2":3,"3":3,"4":0,"5":0,"6":3},"f":{"0":0},"b":{},"_coverageSchema":"1a1c01bbd47fc00a2c39e90264f33305004495a9","hash":"e1f461f5556855d6ce01423d825e8d2c30afd76a"}
,"C:\\Users\\zkare\\source\\repos\\node-js\\vidly\\models\\genre.js": {"path":"C:\\Users\\zkare\\source\\repos\\node-js\\vidly\\models\\genre.js","statementMap":{"0":{"start":{"line":1,"column":12},"end":{"line":1,"column":26}},"1":{"start":{"line":2,"column":17},"end":{"line":2,"column":36}},"2":{"start":{"line":4,"column":20},"end":{"line":11,"column":2}},"3":{"start":{"line":13,"column":14},"end":{"line":13,"column":50}},"4":{"start":{"line":17,"column":17},"end":{"line":19,"column":4}},"5":{"start":{"line":21,"column":2},"end":{"line":21,"column":32}},"6":{"start":{"line":24,"column":0},"end":{"line":28,"column":2}}},"fnMap":{"0":{"name":"validateGenre","decl":{"start":{"line":16,"column":9},"end":{"line":16,"column":22}},"loc":{"start":{"line":16,"column":30},"end":{"line":22,"column":1}},"line":16}},"branchMap":{},"s":{"0":3,"1":3,"2":3,"3":3,"4":0,"5":0,"6":3},"f":{"0":0},"b":{},"_coverageSchema":"1a1c01bbd47fc00a2c39e90264f33305004495a9","hash":"6cd81d90472f9be6a36106435662f206429ffba8"}
,"C:\\Users\\zkare\\source\\repos\\node-js\\vidly\\models\\movie.js": {"path":"C:\\Users\\zkare\\source\\repos\\node-js\\vidly\\models\\movie.js","statementMap":{"0":{"start":{"line":1,"column":12},"end":{"line":1,"column":26}},"1":{"start":{"line":2,"column":17},"end":{"line":2,"column":36}},"2":{"start":{"line":3,"column":24},"end":{"line":3,"column":42}},"3":{"start":{"line":5,"column":20},"end":{"line":29,"column":2}},"4":{"start":{"line":31,"column":14},"end":{"line":31,"column":50}},"5":{"start":{"line":34,"column":17},"end":{"line":39,"column":4}},"6":{"start":{"line":41,"column":2},"end":{"line":43,"column":3}},"7":{"start":{"line":42,"column":4},"end":{"line":42,"column":52}},"8":{"start":{"line":45,"column":2},"end":{"line":45,"column":32}},"9":{"start":{"line":48,"column":0},"end":{"line":51,"column":2}}},"fnMap":{"0":{"name":"validateMovie","decl":{"start":{"line":33,"column":9},"end":{"line":33,"column":22}},"loc":{"start":{"line":33,"column":30},"end":{"line":46,"column":1}},"line":33}},"branchMap":{"0":{"loc":{"start":{"line":41,"column":2},"end":{"line":43,"column":3}},"type":"if","locations":[{"start":{"line":41,"column":2},"end":{"line":43,"column":3}},{"start":{},"end":{}}],"line":41}},"s":{"0":3,"1":3,"2":3,"3":3,"4":3,"5":0,"6":0,"7":0,"8":0,"9":3},"f":{"0":0},"b":{"0":[0,0]},"_coverageSchema":"1a1c01bbd47fc00a2c39e90264f33305004495a9","hash":"542359aea4e5ea77beaf1a3c5b6188233bf91038"}
,"C:\\Users\\zkare\\source\\repos\\node-js\\vidly\\models\\rental.js": {"path":"C:\\Users\\zkare\\source\\repos\\node-js\\vidly\\models\\rental.js","statementMap":{"0":{"start":{"line":1,"column":12},"end":{"line":1,"column":26}},"1":{"start":{"line":2,"column":17},"end":{"line":2,"column":36}},"2":{"start":{"line":3,"column":0},"end":{"line":3,"column":44}},"3":{"start":{"line":5,"column":21},"end":{"line":53,"column":2}},"4":{"start":{"line":55,"column":0},"end":{"line":60,"column":2}},"5":{"start":{"line":56,"column":2},"end":{"line":59,"column":5}},"6":{"start":{"line":62,"column":15},"end":{"line":62,"column":53}},"7":{"start":{"line":65,"column":17},"end":{"line":68,"column":4}},"8":{"start":{"line":70,"column":2},"end":{"line":70,"column":33}},"9":{"start":{"line":73,"column":0},"end":{"line":76,"column":2}}},"fnMap":{"0":{"name":"(anonymous_0)","decl":{"start":{"line":55,"column":30},"end":{"line":55,"column":31}},"loc":{"start":{"line":55,"column":61},"end":{"line":60,"column":1}},"line":55},"1":{"name":"validateRental","decl":{"start":{"line":64,"column":9},"end":{"line":64,"column":23}},"loc":{"start":{"line":64,"column":32},"end":{"line":71,"column":1}},"line":64}},"branchMap":{},"s":{"0":3,"1":3,"2":3,"3":3,"4":3,"5":0,"6":3,"7":0,"8":0,"9":3},"f":{"0":0,"1":0},"b":{},"_coverageSchema":"1a1c01bbd47fc00a2c39e90264f33305004495a9","hash":"30086294d02246d82bb9df067fee95655c0f6080"}
,"C:\\Users\\zkare\\source\\repos\\node-js\\vidly\\models\\user.js": {"path":"C:\\Users\\zkare\\source\\repos\\node-js\\vidly\\models\\user.js","statementMap":{"0":{"start":{"line":1,"column":12},"end":{"line":1,"column":26}},"1":{"start":{"line":2,"column":17},"end":{"line":2,"column":36}},"2":{"start":{"line":3,"column":12},"end":{"line":3,"column":35}},"3":{"start":{"line":4,"column":15},"end":{"line":4,"column":32}},"4":{"start":{"line":6,"column":19},"end":{"line":32,"column":2}},"5":{"start":{"line":37,"column":0},"end":{"line":44,"column":1}},"6":{"start":{"line":42,"column":18},"end":{"line":42,"column":97}},"7":{"start":{"line":43,"column":4},"end":{"line":43,"column":17}},"8":{"start":{"line":46,"column":13},"end":{"line":46,"column":47}},"9":{"start":{"line":49,"column":17},"end":{"line":53,"column":4}},"10":{"start":{"line":55,"column":2},"end":{"line":55,"column":31}},"11":{"start":{"line":58,"column":0},"end":{"line":62,"column":2}}},"fnMap":{"0":{"name":"(anonymous_0)","decl":{"start":{"line":37,"column":39},"end":{"line":37,"column":40}},"loc":{"start":{"line":37,"column":50},"end":{"line":44,"column":1}},"line":37},"1":{"name":"validateUser","decl":{"start":{"line":48,"column":9},"end":{"line":48,"column":21}},"loc":{"start":{"line":48,"column":28},"end":{"line":56,"column":1}},"line":48}},"branchMap":{},"s":{"0":5,"1":5,"2":5,"3":5,"4":5,"5":5,"6":12,"7":12,"8":5,"9":0,"10":0,"11":5},"f":{"0":12,"1":0},"b":{},"_coverageSchema":"1a1c01bbd47fc00a2c39e90264f33305004495a9","hash":"b0bb08a33abbe1bec0bc768b51ad4cdbb047e4c9"}
,"C:\\Users\\zkare\\source\\repos\\node-js\\vidly\\routes\\auth.js": {"path":"C:\\Users\\zkare\\source\\repos\\node-js\\vidly\\routes\\auth.js","statementMap":{"0":{"start":{"line":1,"column":10},"end":{"line":1,"column":27}},"1":{"start":{"line":2,"column":15},"end":{"line":2,"column":32}},"2":{"start":{"line":3,"column":16},"end":{"line":3,"column":34}},"3":{"start":{"line":4,"column":15},"end":{"line":4,"column":31}},"4":{"start":{"line":5,"column":19},"end":{"line":5,"column":44}},"5":{"start":{"line":6,"column":17},"end":{"line":6,"column":27}},"6":{"start":{"line":7,"column":12},"end":{"line":7,"column":26}},"7":{"start":{"line":10,"column":0},"end":{"line":13,"column":3}},"8":{"start":{"line":11,"column":19},"end":{"line":11,"column":49}},"9":{"start":{"line":12,"column":2},"end":{"line":12,"column":21}},"10":{"start":{"line":16,"column":0},"end":{"line":30,"column":3}},"11":{"start":{"line":18,"column":20},"end":{"line":18,"column":38}},"12":{"start":{"line":19,"column":2},"end":{"line":19,"column":67}},"13":{"start":{"line":19,"column":13},"end":{"line":19,"column":67}},"14":{"start":{"line":21,"column":13},"end":{"line":21,"column":58}},"15":{"start":{"line":22,"column":2},"end":{"line":22,"column":71}},"16":{"start":{"line":22,"column":13},"end":{"line":22,"column":71}},"17":{"start":{"line":24,"column":24},"end":{"line":24,"column":78}},"18":{"start":{"line":25,"column":2},"end":{"line":25,"column":80}},"19":{"start":{"line":25,"column":22},"end":{"line":25,"column":80}},"20":{"start":{"line":27,"column":16},"end":{"line":27,"column":40}},"21":{"start":{"line":29,"column":2},"end":{"line":29,"column":18}},"22":{"start":{"line":34,"column":17},"end":{"line":37,"column":4}},"23":{"start":{"line":39,"column":2},"end":{"line":39,"column":30}},"24":{"start":{"line":43,"column":0},"end":{"line":43,"column":24}}},"fnMap":{"0":{"name":"(anonymous_0)","decl":{"start":{"line":10,"column":16},"end":{"line":10,"column":17}},"loc":{"start":{"line":10,"column":36},"end":{"line":13,"column":1}},"line":10},"1":{"name":"(anonymous_1)","decl":{"start":{"line":16,"column":17},"end":{"line":16,"column":18}},"loc":{"start":{"line":16,"column":37},"end":{"line":30,"column":1}},"line":16},"2":{"name":"validate","decl":{"start":{"line":33,"column":9},"end":{"line":33,"column":17}},"loc":{"start":{"line":33,"column":23},"end":{"line":40,"column":1}},"line":33}},"branchMap":{"0":{"loc":{"start":{"line":19,"column":2},"end":{"line":19,"column":67}},"type":"if","locations":[{"start":{"line":19,"column":2},"end":{"line":19,"column":67}},{"start":{},"end":{}}],"line":19},"1":{"loc":{"start":{"line":22,"column":2},"end":{"line":22,"column":71}},"type":"if","locations":[{"start":{"line":22,"column":2},"end":{"line":22,"column":71}},{"start":{},"end":{}}],"line":22},"2":{"loc":{"start":{"line":25,"column":2},"end":{"line":25,"column":80}},"type":"if","locations":[{"start":{"line":25,"column":2},"end":{"line":25,"column":80}},{"start":{},"end":{}}],"line":25}},"s":{"0":3,"1":3,"2":3,"3":3,"4":3,"5":3,"6":3,"7":3,"8":0,"9":0,"10":3,"11":0,"12":0,"13":0,"14":0,"15":0,"16":0,"17":0,"18":0,"19":0,"20":0,"21":0,"22":0,"23":0,"24":3},"f":{"0":0,"1":0,"2":0},"b":{"0":[0,0],"1":[0,0],"2":[0,0]},"_coverageSchema":"1a1c01bbd47fc00a2c39e90264f33305004495a9","hash":"70903e59d5b0af1be0befdb39060951bb8026510"}
,"C:\\Users\\zkare\\source\\repos\\node-js\\vidly\\routes\\customers.js": {"path":"C:\\Users\\zkare\\source\\repos\\node-js\\vidly\\routes\\customers.js","statementMap":{"0":{"start":{"line":1,"column":16},"end":{"line":1,"column":34}},"1":{"start":{"line":2,"column":15},"end":{"line":2,"column":31}},"2":{"start":{"line":3,"column":23},"end":{"line":3,"column":52}},"3":{"start":{"line":4,"column":39},"end":{"line":4,"column":53}},"4":{"start":{"line":5,"column":13},"end":{"line":5,"column":42}},"5":{"start":{"line":8,"column":0},"end":{"line":11,"column":3}},"6":{"start":{"line":9,"column":23},"end":{"line":9,"column":57}},"7":{"start":{"line":10,"column":2},"end":{"line":10,"column":25}},"8":{"start":{"line":14,"column":0},"end":{"line":27,"column":3}},"9":{"start":{"line":16,"column":20},"end":{"line":16,"column":46}},"10":{"start":{"line":17,"column":2},"end":{"line":17,"column":67}},"11":{"start":{"line":17,"column":13},"end":{"line":17,"column":67}},"12":{"start":{"line":20,"column":17},"end":{"line":24,"column":4}},"13":{"start":{"line":25,"column":2},"end":{"line":25,"column":35}},"14":{"start":{"line":26,"column":2},"end":{"line":26,"column":21}},"15":{"start":{"line":30,"column":0},"end":{"line":48,"column":3}},"16":{"start":{"line":32,"column":19},"end":{"line":36,"column":3}},"17":{"start":{"line":39,"column":20},"end":{"line":39,"column":46}},"18":{"start":{"line":40,"column":2},"end":{"line":40,"column":67}},"19":{"start":{"line":40,"column":13},"end":{"line":40,"column":67}},"20":{"start":{"line":42,"column":2},"end":{"line":42,"column":67}},"21":{"start":{"line":42,"column":17},"end":{"line":42,"column":67}},"22":{"start":{"line":45,"column":2},"end":{"line":45,"column":32}},"23":{"start":{"line":47,"column":2},"end":{"line":47,"column":21}},"24":{"start":{"line":51,"column":0},"end":{"line":58,"column":3}},"25":{"start":{"line":52,"column":19},"end":{"line":52,"column":66}},"26":{"start":{"line":55,"column":2},"end":{"line":55,"column":67}},"27":{"start":{"line":55,"column":17},"end":{"line":55,"column":67}},"28":{"start":{"line":57,"column":2},"end":{"line":57,"column":21}},"29":{"start":{"line":61,"column":0},"end":{"line":68,"column":3}},"30":{"start":{"line":62,"column":19},"end":{"line":62,"column":57}},"31":{"start":{"line":65,"column":2},"end":{"line":65,"column":67}},"32":{"start":{"line":65,"column":17},"end":{"line":65,"column":67}},"33":{"start":{"line":67,"column":2},"end":{"line":67,"column":21}},"34":{"start":{"line":71,"column":0},"end":{"line":71,"column":24}}},"fnMap":{"0":{"name":"(anonymous_0)","decl":{"start":{"line":8,"column":16},"end":{"line":8,"column":17}},"loc":{"start":{"line":8,"column":36},"end":{"line":11,"column":1}},"line":8},"1":{"name":"(anonymous_1)","decl":{"start":{"line":14,"column":17},"end":{"line":14,"column":18}},"loc":{"start":{"line":14,"column":37},"end":{"line":27,"column":1}},"line":14},"2":{"name":"(anonymous_2)","decl":{"start":{"line":30,"column":25},"end":{"line":30,"column":26}},"loc":{"start":{"line":30,"column":45},"end":{"line":48,"column":1}},"line":30},"3":{"name":"(anonymous_3)","decl":{"start":{"line":51,"column":28},"end":{"line":51,"column":29}},"loc":{"start":{"line":51,"column":48},"end":{"line":58,"column":1}},"line":51},"4":{"name":"(anonymous_4)","decl":{"start":{"line":61,"column":19},"end":{"line":61,"column":20}},"loc":{"start":{"line":61,"column":39},"end":{"line":68,"column":1}},"line":61}},"branchMap":{"0":{"loc":{"start":{"line":17,"column":2},"end":{"line":17,"column":67}},"type":"if","locations":[{"start":{"line":17,"column":2},"end":{"line":17,"column":67}},{"start":{},"end":{}}],"line":17},"1":{"loc":{"start":{"line":40,"column":2},"end":{"line":40,"column":67}},"type":"if","locations":[{"start":{"line":40,"column":2},"end":{"line":40,"column":67}},{"start":{},"end":{}}],"line":40},"2":{"loc":{"start":{"line":42,"column":2},"end":{"line":42,"column":67}},"type":"if","locations":[{"start":{"line":42,"column":2},"end":{"line":42,"column":67}},{"start":{},"end":{}}],"line":42},"3":{"loc":{"start":{"line":55,"column":2},"end":{"line":55,"column":67}},"type":"if","locations":[{"start":{"line":55,"column":2},"end":{"line":55,"column":67}},{"start":{},"end":{}}],"line":55},"4":{"loc":{"start":{"line":65,"column":2},"end":{"line":65,"column":67}},"type":"if","locations":[{"start":{"line":65,"column":2},"end":{"line":65,"column":67}},{"start":{},"end":{}}],"line":65}},"s":{"0":3,"1":3,"2":3,"3":3,"4":3,"5":3,"6":0,"7":0,"8":3,"9":0,"10":0,"11":0,"12":0,"13":0,"14":0,"15":3,"16":0,"17":0,"18":0,"19":0,"20":0,"21":0,"22":0,"23":0,"24":3,"25":0,"26":0,"27":0,"28":0,"29":3,"30":0,"31":0,"32":0,"33":0,"34":3},"f":{"0":0,"1":0,"2":0,"3":0,"4":0},"b":{"0":[0,0],"1":[0,0],"2":[0,0],"3":[0,0],"4":[0,0]},"_coverageSchema":"1a1c01bbd47fc00a2c39e90264f33305004495a9","hash":"8afab383ecd5e1f149cb63e7dcea49d78b8d55e7"}
,"C:\\Users\\zkare\\source\\repos\\node-js\\vidly\\routes\\genres.js": {"path":"C:\\Users\\zkare\\source\\repos\\node-js\\vidly\\routes\\genres.js","statementMap":{"0":{"start":{"line":1,"column":16},"end":{"line":1,"column":34}},"1":{"start":{"line":2,"column":15},"end":{"line":2,"column":31}},"2":{"start":{"line":3,"column":20},"end":{"line":3,"column":46}},"3":{"start":{"line":4,"column":33},"end":{"line":4,"column":44}},"4":{"start":{"line":5,"column":13},"end":{"line":5,"column":42}},"5":{"start":{"line":6,"column":14},"end":{"line":6,"column":44}},"6":{"start":{"line":7,"column":17},"end":{"line":7,"column":36}},"7":{"start":{"line":8,"column":25},"end":{"line":8,"column":66}},"8":{"start":{"line":34,"column":0},"end":{"line":37,"column":3}},"9":{"start":{"line":35,"column":17},"end":{"line":35,"column":48}},"10":{"start":{"line":36,"column":2},"end":{"line":36,"column":19}},"11":{"start":{"line":40,"column":0},"end":{"line":51,"column":3}},"12":{"start":{"line":42,"column":20},"end":{"line":42,"column":43}},"13":{"start":{"line":43,"column":2},"end":{"line":43,"column":67}},"14":{"start":{"line":43,"column":13},"end":{"line":43,"column":67}},"15":{"start":{"line":46,"column":14},"end":{"line":48,"column":4}},"16":{"start":{"line":49,"column":2},"end":{"line":49,"column":29}},"17":{"start":{"line":50,"column":2},"end":{"line":50,"column":18}},"18":{"start":{"line":54,"column":0},"end":{"line":72,"column":3}},"19":{"start":{"line":56,"column":16},"end":{"line":60,"column":3}},"20":{"start":{"line":63,"column":20},"end":{"line":63,"column":43}},"21":{"start":{"line":64,"column":2},"end":{"line":64,"column":67}},"22":{"start":{"line":64,"column":13},"end":{"line":64,"column":67}},"23":{"start":{"line":66,"column":2},"end":{"line":66,"column":61}},"24":{"start":{"line":66,"column":14},"end":{"line":66,"column":61}},"25":{"start":{"line":69,"column":2},"end":{"line":69,"column":29}},"26":{"start":{"line":71,"column":2},"end":{"line":71,"column":18}},"27":{"start":{"line":75,"column":0},"end":{"line":82,"column":3}},"28":{"start":{"line":76,"column":16},"end":{"line":76,"column":60}},"29":{"start":{"line":79,"column":2},"end":{"line":79,"column":61}},"30":{"start":{"line":79,"column":14},"end":{"line":79,"column":61}},"31":{"start":{"line":81,"column":2},"end":{"line":81,"column":18}},"32":{"start":{"line":85,"column":0},"end":{"line":92,"column":3}},"33":{"start":{"line":86,"column":16},"end":{"line":86,"column":51}},"34":{"start":{"line":89,"column":2},"end":{"line":89,"column":61}},"35":{"start":{"line":89,"column":14},"end":{"line":89,"column":61}},"36":{"start":{"line":91,"column":2},"end":{"line":91,"column":18}},"37":{"start":{"line":94,"column":0},"end":{"line":94,"column":24}}},"fnMap":{"0":{"name":"(anonymous_0)","decl":{"start":{"line":34,"column":16},"end":{"line":34,"column":17}},"loc":{"start":{"line":34,"column":36},"end":{"line":37,"column":1}},"line":34},"1":{"name":"(anonymous_1)","decl":{"start":{"line":40,"column":23},"end":{"line":40,"column":24}},"loc":{"start":{"line":40,"column":43},"end":{"line":51,"column":1}},"line":40},"2":{"name":"(anonymous_2)","decl":{"start":{"line":54,"column":25},"end":{"line":54,"column":26}},"loc":{"start":{"line":54,"column":45},"end":{"line":72,"column":1}},"line":54},"3":{"name":"(anonymous_3)","decl":{"start":{"line":75,"column":37},"end":{"line":75,"column":38}},"loc":{"start":{"line":75,"column":57},"end":{"line":82,"column":1}},"line":75},"4":{"name":"(anonymous_4)","decl":{"start":{"line":85,"column":37},"end":{"line":85,"column":38}},"loc":{"start":{"line":85,"column":57},"end":{"line":92,"column":1}},"line":85}},"branchMap":{"0":{"loc":{"start":{"line":43,"column":2},"end":{"line":43,"column":67}},"type":"if","locations":[{"start":{"line":43,"column":2},"end":{"line":43,"column":67}},{"start":{},"end":{}}],"line":43},"1":{"loc":{"start":{"line":64,"column":2},"end":{"line":64,"column":67}},"type":"if","locations":[{"start":{"line":64,"column":2},"end":{"line":64,"column":67}},{"start":{},"end":{}}],"line":64},"2":{"loc":{"start":{"line":66,"column":2},"end":{"line":66,"column":61}},"type":"if","locations":[{"start":{"line":66,"column":2},"end":{"line":66,"column":61}},{"start":{},"end":{}}],"line":66},"3":{"loc":{"start":{"line":79,"column":2},"end":{"line":79,"column":61}},"type":"if","locations":[{"start":{"line":79,"column":2},"end":{"line":79,"column":61}},{"start":{},"end":{}}],"line":79},"4":{"loc":{"start":{"line":89,"column":2},"end":{"line":89,"column":61}},"type":"if","locations":[{"start":{"line":89,"column":2},"end":{"line":89,"column":61}},{"start":{},"end":{}}],"line":89}},"s":{"0":3,"1":3,"2":3,"3":3,"4":3,"5":3,"6":3,"7":3,"8":3,"9":0,"10":0,"11":3,"12":0,"13":0,"14":0,"15":0,"16":0,"17":0,"18":3,"19":0,"20":0,"21":0,"22":0,"23":0,"24":0,"25":0,"26":0,"27":3,"28":0,"29":0,"30":0,"31":0,"32":3,"33":0,"34":0,"35":0,"36":0,"37":3},"f":{"0":0,"1":0,"2":0,"3":0,"4":0},"b":{"0":[0,0],"1":[0,0],"2":[0,0],"3":[0,0],"4":[0,0]},"_coverageSchema":"1a1c01bbd47fc00a2c39e90264f33305004495a9","hash":"c530681729e52a124606c2715bbb67d920bba618"}
,"C:\\Users\\zkare\\source\\repos\\node-js\\vidly\\routes\\movies.js": {"path":"C:\\Users\\zkare\\source\\repos\\node-js\\vidly\\routes\\movies.js","statementMap":{"0":{"start":{"line":1,"column":16},"end":{"line":1,"column":34}},"1":{"start":{"line":2,"column":15},"end":{"line":2,"column":31}},"2":{"start":{"line":3,"column":20},"end":{"line":3,"column":46}},"3":{"start":{"line":4,"column":18},"end":{"line":4,"column":44}},"4":{"start":{"line":5,"column":33},"end":{"line":5,"column":44}},"5":{"start":{"line":6,"column":13},"end":{"line":6,"column":42}},"6":{"start":{"line":9,"column":0},"end":{"line":12,"column":3}},"7":{"start":{"line":10,"column":20},"end":{"line":10,"column":52}},"8":{"start":{"line":11,"column":2},"end":{"line":11,"column":22}},"9":{"start":{"line":15,"column":0},"end":{"line":35,"column":3}},"10":{"start":{"line":17,"column":20},"end":{"line":17,"column":43}},"11":{"start":{"line":18,"column":2},"end":{"line":18,"column":67}},"12":{"start":{"line":18,"column":13},"end":{"line":18,"column":67}},"13":{"start":{"line":20,"column":16},"end":{"line":20,"column":54}},"14":{"start":{"line":21,"column":2},"end":{"line":21,"column":60}},"15":{"start":{"line":21,"column":14},"end":{"line":21,"column":60}},"16":{"start":{"line":24,"column":16},"end":{"line":32,"column":4}},"17":{"start":{"line":33,"column":2},"end":{"line":33,"column":21}},"18":{"start":{"line":34,"column":2},"end":{"line":34,"column":18}},"19":{"start":{"line":38,"column":0},"end":{"line":66,"column":3}},"20":{"start":{"line":40,"column":20},"end":{"line":40,"column":43}},"21":{"start":{"line":41,"column":2},"end":{"line":41,"column":67}},"22":{"start":{"line":41,"column":13},"end":{"line":41,"column":67}},"23":{"start":{"line":43,"column":16},"end":{"line":43,"column":54}},"24":{"start":{"line":44,"column":2},"end":{"line":44,"column":60}},"25":{"start":{"line":44,"column":14},"end":{"line":44,"column":60}},"26":{"start":{"line":47,"column":16},"end":{"line":59,"column":3}},"27":{"start":{"line":61,"column":2},"end":{"line":61,"column":61}},"28":{"start":{"line":61,"column":14},"end":{"line":61,"column":61}},"29":{"start":{"line":63,"column":2},"end":{"line":63,"column":31}},"30":{"start":{"line":65,"column":2},"end":{"line":65,"column":18}},"31":{"start":{"line":69,"column":0},"end":{"line":76,"column":3}},"32":{"start":{"line":70,"column":16},"end":{"line":70,"column":60}},"33":{"start":{"line":73,"column":2},"end":{"line":73,"column":61}},"34":{"start":{"line":73,"column":14},"end":{"line":73,"column":61}},"35":{"start":{"line":75,"column":2},"end":{"line":75,"column":18}},"36":{"start":{"line":79,"column":0},"end":{"line":86,"column":3}},"37":{"start":{"line":80,"column":16},"end":{"line":80,"column":51}},"38":{"start":{"line":83,"column":2},"end":{"line":83,"column":61}},"39":{"start":{"line":83,"column":14},"end":{"line":83,"column":61}},"40":{"start":{"line":85,"column":2},"end":{"line":85,"column":18}},"41":{"start":{"line":88,"column":0},"end":{"line":88,"column":24}}},"fnMap":{"0":{"name":"(anonymous_0)","decl":{"start":{"line":9,"column":16},"end":{"line":9,"column":17}},"loc":{"start":{"line":9,"column":36},"end":{"line":12,"column":1}},"line":9},"1":{"name":"(anonymous_1)","decl":{"start":{"line":15,"column":23},"end":{"line":15,"column":24}},"loc":{"start":{"line":15,"column":43},"end":{"line":35,"column":1}},"line":15},"2":{"name":"(anonymous_2)","decl":{"start":{"line":38,"column":25},"end":{"line":38,"column":26}},"loc":{"start":{"line":38,"column":45},"end":{"line":66,"column":1}},"line":38},"3":{"name":"(anonymous_3)","decl":{"start":{"line":69,"column":28},"end":{"line":69,"column":29}},"loc":{"start":{"line":69,"column":48},"end":{"line":76,"column":1}},"line":69},"4":{"name":"(anonymous_4)","decl":{"start":{"line":79,"column":19},"end":{"line":79,"column":20}},"loc":{"start":{"line":79,"column":39},"end":{"line":86,"column":1}},"line":79}},"branchMap":{"0":{"loc":{"start":{"line":18,"column":2},"end":{"line":18,"column":67}},"type":"if","locations":[{"start":{"line":18,"column":2},"end":{"line":18,"column":67}},{"start":{},"end":{}}],"line":18},"1":{"loc":{"start":{"line":21,"column":2},"end":{"line":21,"column":60}},"type":"if","locations":[{"start":{"line":21,"column":2},"end":{"line":21,"column":60}},{"start":{},"end":{}}],"line":21},"2":{"loc":{"start":{"line":41,"column":2},"end":{"line":41,"column":67}},"type":"if","locations":[{"start":{"line":41,"column":2},"end":{"line":41,"column":67}},{"start":{},"end":{}}],"line":41},"3":{"loc":{"start":{"line":44,"column":2},"end":{"line":44,"column":60}},"type":"if","locations":[{"start":{"line":44,"column":2},"end":{"line":44,"column":60}},{"start":{},"end":{}}],"line":44},"4":{"loc":{"start":{"line":61,"column":2},"end":{"line":61,"column":61}},"type":"if","locations":[{"start":{"line":61,"column":2},"end":{"line":61,"column":61}},{"start":{},"end":{}}],"line":61},"5":{"loc":{"start":{"line":73,"column":2},"end":{"line":73,"column":61}},"type":"if","locations":[{"start":{"line":73,"column":2},"end":{"line":73,"column":61}},{"start":{},"end":{}}],"line":73},"6":{"loc":{"start":{"line":83,"column":2},"end":{"line":83,"column":61}},"type":"if","locations":[{"start":{"line":83,"column":2},"end":{"line":83,"column":61}},{"start":{},"end":{}}],"line":83}},"s":{"0":3,"1":3,"2":3,"3":3,"4":3,"5":3,"6":3,"7":0,"8":0,"9":3,"10":0,"11":0,"12":0,"13":0,"14":0,"15":0,"16":0,"17":0,"18":0,"19":3,"20":0,"21":0,"22":0,"23":0,"24":0,"25":0,"26":0,"27":0,"28":0,"29":0,"30":0,"31":3,"32":0,"33":0,"34":0,"35":0,"36":3,"37":0,"38":0,"39":0,"40":0,"41":3},"f":{"0":0,"1":0,"2":0,"3":0,"4":0},"b":{"0":[0,0],"1":[0,0],"2":[0,0],"3":[0,0],"4":[0,0],"5":[0,0],"6":[0,0]},"_coverageSchema":"1a1c01bbd47fc00a2c39e90264f33305004495a9","hash":"de0e98320cd6e2157cd0ae2bff424a2f33069940"}
,"C:\\Users\\zkare\\source\\repos\\node-js\\vidly\\routes\\rentals.js": {"path":"C:\\Users\\zkare\\source\\repos\\node-js\\vidly\\routes\\rentals.js","statementMap":{"0":{"start":{"line":1,"column":16},"end":{"line":1,"column":34}},"1":{"start":{"line":2,"column":15},"end":{"line":2,"column":31}},"2":{"start":{"line":3,"column":35},"end":{"line":3,"column":62}},"3":{"start":{"line":4,"column":18},"end":{"line":4,"column":44}},"4":{"start":{"line":5,"column":21},"end":{"line":5,"column":50}},"5":{"start":{"line":6,"column":17},"end":{"line":6,"column":36}},"6":{"start":{"line":7,"column":13},"end":{"line":7,"column":42}},"7":{"start":{"line":10,"column":0},"end":{"line":13,"column":3}},"8":{"start":{"line":11,"column":21},"end":{"line":11,"column":57}},"9":{"start":{"line":12,"column":2},"end":{"line":12,"column":23}},"10":{"start":{"line":16,"column":0},"end":{"line":66,"column":3}},"11":{"start":{"line":18,"column":20},"end":{"line":18,"column":44}},"12":{"start":{"line":19,"column":2},"end":{"line":19,"column":67}},"13":{"start":{"line":19,"column":13},"end":{"line":19,"column":67}},"14":{"start":{"line":21,"column":19},"end":{"line":21,"column":63}},"15":{"start":{"line":22,"column":2},"end":{"line":22,"column":66}},"16":{"start":{"line":22,"column":17},"end":{"line":22,"column":66}},"17":{"start":{"line":24,"column":16},"end":{"line":24,"column":54}},"18":{"start":{"line":25,"column":2},"end":{"line":25,"column":60}},"19":{"start":{"line":25,"column":14},"end":{"line":25,"column":60}},"20":{"start":{"line":27,"column":2},"end":{"line":28,"column":55}},"21":{"start":{"line":28,"column":4},"end":{"line":28,"column":55}},"22":{"start":{"line":31,"column":15},"end":{"line":43,"column":4}},"23":{"start":{"line":46,"column":18},"end":{"line":46,"column":47}},"24":{"start":{"line":49,"column":2},"end":{"line":65,"column":3}},"25":{"start":{"line":50,"column":4},"end":{"line":57,"column":7}},"26":{"start":{"line":51,"column":6},"end":{"line":51,"column":37}},"27":{"start":{"line":52,"column":6},"end":{"line":56,"column":8}},"28":{"start":{"line":59,"column":4},"end":{"line":59,"column":21}},"29":{"start":{"line":61,"column":4},"end":{"line":61,"column":45}},"30":{"start":{"line":62,"column":4},"end":{"line":62,"column":46}},"31":{"start":{"line":64,"column":4},"end":{"line":64,"column":25}},"32":{"start":{"line":69,"column":0},"end":{"line":69,"column":24}}},"fnMap":{"0":{"name":"(anonymous_0)","decl":{"start":{"line":10,"column":16},"end":{"line":10,"column":17}},"loc":{"start":{"line":10,"column":36},"end":{"line":13,"column":1}},"line":10},"1":{"name":"(anonymous_1)","decl":{"start":{"line":16,"column":23},"end":{"line":16,"column":24}},"loc":{"start":{"line":16,"column":43},"end":{"line":66,"column":1}},"line":16},"2":{"name":"(anonymous_2)","decl":{"start":{"line":50,"column":34},"end":{"line":50,"column":35}},"loc":{"start":{"line":50,"column":46},"end":{"line":57,"column":5}},"line":50}},"branchMap":{"0":{"loc":{"start":{"line":19,"column":2},"end":{"line":19,"column":67}},"type":"if","locations":[{"start":{"line":19,"column":2},"end":{"line":19,"column":67}},{"start":{},"end":{}}],"line":19},"1":{"loc":{"start":{"line":22,"column":2},"end":{"line":22,"column":66}},"type":"if","locations":[{"start":{"line":22,"column":2},"end":{"line":22,"column":66}},{"start":{},"end":{}}],"line":22},"2":{"loc":{"start":{"line":25,"column":2},"end":{"line":25,"column":60}},"type":"if","locations":[{"start":{"line":25,"column":2},"end":{"line":25,"column":60}},{"start":{},"end":{}}],"line":25},"3":{"loc":{"start":{"line":27,"column":2},"end":{"line":28,"column":55}},"type":"if","locations":[{"start":{"line":27,"column":2},"end":{"line":28,"column":55}},{"start":{},"end":{}}],"line":27}},"s":{"0":3,"1":3,"2":3,"3":3,"4":3,"5":3,"6":3,"7":3,"8":0,"9":0,"10":3,"11":0,"12":0,"13":0,"14":0,"15":0,"16":0,"17":0,"18":0,"19":0,"20":0,"21":0,"22":0,"23":0,"24":0,"25":0,"26":0,"27":0,"28":0,"29":0,"30":0,"31":0,"32":3},"f":{"0":0,"1":0,"2":0},"b":{"0":[0,0],"1":[0,0],"2":[0,0],"3":[0,0]},"_coverageSchema":"1a1c01bbd47fc00a2c39e90264f33305004495a9","hash":"6dcdc8fe30ca241d330cc4c83a5e59f699abde1a"}
,"C:\\Users\\zkare\\source\\repos\\node-js\\vidly\\routes\\returns.js": {"path":"C:\\Users\\zkare\\source\\repos\\node-js\\vidly\\routes\\returns.js","statementMap":{"0":{"start":{"line":1,"column":16},"end":{"line":1,"column":34}},"1":{"start":{"line":2,"column":15},"end":{"line":2,"column":31}},"2":{"start":{"line":3,"column":35},"end":{"line":3,"column":62}},"3":{"start":{"line":4,"column":18},"end":{"line":4,"column":44}},"4":{"start":{"line":5,"column":21},"end":{"line":5,"column":50}},"5":{"start":{"line":6,"column":17},"end":{"line":6,"column":36}},"6":{"start":{"line":7,"column":13},"end":{"line":7,"column":42}},"7":{"start":{"line":8,"column":15},"end":{"line":8,"column":32}},"8":{"start":{"line":10,"column":0},"end":{"line":30,"column":3}},"9":{"start":{"line":11,"column":2},"end":{"line":13,"column":3}},"10":{"start":{"line":12,"column":4},"end":{"line":12,"column":72}},"11":{"start":{"line":15,"column":17},"end":{"line":15,"column":75}},"12":{"start":{"line":17,"column":2},"end":{"line":17,"column":63}},"13":{"start":{"line":17,"column":15},"end":{"line":17,"column":63}},"14":{"start":{"line":19,"column":2},"end":{"line":21,"column":3}},"15":{"start":{"line":20,"column":4},"end":{"line":20,"column":60}},"16":{"start":{"line":23,"column":2},"end":{"line":23,"column":35}},"17":{"start":{"line":24,"column":2},"end":{"line":24,"column":90}},"18":{"start":{"line":25,"column":2},"end":{"line":25,"column":22}},"19":{"start":{"line":27,"column":2},"end":{"line":27,"column":83}},"20":{"start":{"line":29,"column":2},"end":{"line":29,"column":38}},"21":{"start":{"line":87,"column":0},"end":{"line":87,"column":24}}},"fnMap":{"0":{"name":"(anonymous_0)","decl":{"start":{"line":10,"column":23},"end":{"line":10,"column":24}},"loc":{"start":{"line":10,"column":43},"end":{"line":30,"column":1}},"line":10}},"branchMap":{"0":{"loc":{"start":{"line":11,"column":2},"end":{"line":13,"column":3}},"type":"if","locations":[{"start":{"line":11,"column":2},"end":{"line":13,"column":3}},{"start":{},"end":{}}],"line":11},"1":{"loc":{"start":{"line":11,"column":5},"end":{"line":11,"column":46}},"type":"binary-expr","locations":[{"start":{"line":11,"column":5},"end":{"line":11,"column":25}},{"start":{"line":11,"column":29},"end":{"line":11,"column":46}}],"line":11},"2":{"loc":{"start":{"line":17,"column":2},"end":{"line":17,"column":63}},"type":"if","locations":[{"start":{"line":17,"column":2},"end":{"line":17,"column":63}},{"start":{},"end":{}}],"line":17},"3":{"loc":{"start":{"line":19,"column":2},"end":{"line":21,"column":3}},"type":"if","locations":[{"start":{"line":19,"column":2},"end":{"line":21,"column":3}},{"start":{},"end":{}}],"line":19}},"s":{"0":3,"1":3,"2":3,"3":3,"4":3,"5":3,"6":3,"7":3,"8":3,"9":0,"10":0,"11":0,"12":0,"13":0,"14":0,"15":0,"16":0,"17":0,"18":0,"19":0,"20":0,"21":3},"f":{"0":0},"b":{"0":[0,0],"1":[0,0],"2":[0,0],"3":[0,0]},"_coverageSchema":"1a1c01bbd47fc00a2c39e90264f33305004495a9","hash":"be8fc899d374ce09452d4b3378391d6705259ae6"}
,"C:\\Users\\zkare\\source\\repos\\node-js\\vidly\\routes\\users.js": {"path":"C:\\Users\\zkare\\source\\repos\\node-js\\vidly\\routes\\users.js","statementMap":{"0":{"start":{"line":1,"column":13},"end":{"line":1,"column":42}},"1":{"start":{"line":2,"column":10},"end":{"line":2,"column":27}},"2":{"start":{"line":3,"column":15},"end":{"line":3,"column":32}},"3":{"start":{"line":4,"column":16},"end":{"line":4,"column":34}},"4":{"start":{"line":5,"column":15},"end":{"line":5,"column":31}},"5":{"start":{"line":6,"column":19},"end":{"line":6,"column":44}},"6":{"start":{"line":7,"column":31},"end":{"line":7,"column":41}},"7":{"start":{"line":10,"column":0},"end":{"line":13,"column":3}},"8":{"start":{"line":11,"column":19},"end":{"line":11,"column":49}},"9":{"start":{"line":12,"column":2},"end":{"line":12,"column":21}},"10":{"start":{"line":16,"column":0},"end":{"line":33,"column":3}},"11":{"start":{"line":18,"column":20},"end":{"line":18,"column":42}},"12":{"start":{"line":19,"column":2},"end":{"line":19,"column":67}},"13":{"start":{"line":19,"column":13},"end":{"line":19,"column":67}},"14":{"start":{"line":21,"column":13},"end":{"line":21,"column":58}},"15":{"start":{"line":22,"column":2},"end":{"line":22,"column":68}},"16":{"start":{"line":22,"column":12},"end":{"line":22,"column":68}},"17":{"start":{"line":25,"column":2},"end":{"line":25,"column":67}},"18":{"start":{"line":26,"column":15},"end":{"line":26,"column":39}},"19":{"start":{"line":27,"column":2},"end":{"line":27,"column":57}},"20":{"start":{"line":28,"column":2},"end":{"line":28,"column":20}},"21":{"start":{"line":30,"column":16},"end":{"line":30,"column":40}},"22":{"start":{"line":32,"column":2},"end":{"line":32,"column":81}},"23":{"start":{"line":37,"column":0},"end":{"line":40,"column":3}},"24":{"start":{"line":38,"column":15},"end":{"line":38,"column":68}},"25":{"start":{"line":39,"column":2},"end":{"line":39,"column":17}},"26":{"start":{"line":43,"column":0},"end":{"line":43,"column":24}}},"fnMap":{"0":{"name":"(anonymous_0)","decl":{"start":{"line":10,"column":16},"end":{"line":10,"column":17}},"loc":{"start":{"line":10,"column":36},"end":{"line":13,"column":1}},"line":10},"1":{"name":"(anonymous_1)","decl":{"start":{"line":16,"column":17},"end":{"line":16,"column":18}},"loc":{"start":{"line":16,"column":37},"end":{"line":33,"column":1}},"line":16},"2":{"name":"(anonymous_2)","decl":{"start":{"line":37,"column":24},"end":{"line":37,"column":25}},"loc":{"start":{"line":37,"column":44},"end":{"line":40,"column":1}},"line":37}},"branchMap":{"0":{"loc":{"start":{"line":19,"column":2},"end":{"line":19,"column":67}},"type":"if","locations":[{"start":{"line":19,"column":2},"end":{"line":19,"column":67}},{"start":{},"end":{}}],"line":19},"1":{"loc":{"start":{"line":22,"column":2},"end":{"line":22,"column":68}},"type":"if","locations":[{"start":{"line":22,"column":2},"end":{"line":22,"column":68}},{"start":{},"end":{}}],"line":22}},"s":{"0":3,"1":3,"2":3,"3":3,"4":3,"5":3,"6":3,"7":3,"8":0,"9":0,"10":3,"11":0,"12":0,"13":0,"14":0,"15":0,"16":0,"17":0,"18":0,"19":0,"20":0,"21":0,"22":0,"23":3,"24":0,"25":0,"26":3},"f":{"0":0,"1":0,"2":0},"b":{"0":[0,0],"1":[0,0]},"_coverageSchema":"1a1c01bbd47fc00a2c39e90264f33305004495a9","hash":"c9660f2c2d2a6b125cd62a0129f8492699934d8c"}
,"C:\\Users\\zkare\\source\\repos\\node-js\\vidly\\startup\\config.js": {"path":"C:\\Users\\zkare\\source\\repos\\node-js\\vidly\\startup\\config.js","statementMap":{"0":{"start":{"line":1,"column":15},"end":{"line":1,"column":32}},"1":{"start":{"line":3,"column":0},"end":{"line":7,"column":1}},"2":{"start":{"line":4,"column":4},"end":{"line":6,"column":5}},"3":{"start":{"line":5,"column":6},"end":{"line":5,"column":67}}},"fnMap":{"0":{"name":"(anonymous_0)","decl":{"start":{"line":3,"column":17},"end":{"line":3,"column":18}},"loc":{"start":{"line":3,"column":29},"end":{"line":7,"column":1}},"line":3}},"branchMap":{"0":{"loc":{"start":{"line":4,"column":4},"end":{"line":6,"column":5}},"type":"if","locations":[{"start":{"line":4,"column":4},"end":{"line":6,"column":5}},{"start":{},"end":{}}],"line":4}},"s":{"0":3,"1":3,"2":22,"3":0},"f":{"0":22},"b":{"0":[0,22]},"_coverageSchema":"1a1c01bbd47fc00a2c39e90264f33305004495a9","hash":"78145f8fa3109262553462ba4ac5ee529329b041"}
,"C:\\Users\\zkare\\source\\repos\\node-js\\vidly\\startup\\db.js": {"path":"C:\\Users\\zkare\\source\\repos\\node-js\\vidly\\startup\\db.js","statementMap":{"0":{"start":{"line":1,"column":16},"end":{"line":1,"column":34}},"1":{"start":{"line":2,"column":17},"end":{"line":2,"column":36}},"2":{"start":{"line":3,"column":15},"end":{"line":3,"column":32}},"3":{"start":{"line":5,"column":0},"end":{"line":10,"column":2}},"4":{"start":{"line":6,"column":13},"end":{"line":6,"column":29}},"5":{"start":{"line":7,"column":2},"end":{"line":9,"column":55}},"6":{"start":{"line":9,"column":16},"end":{"line":9,"column":53}}},"fnMap":{"0":{"name":"(anonymous_0)","decl":{"start":{"line":5,"column":17},"end":{"line":5,"column":18}},"loc":{"start":{"line":5,"column":29},"end":{"line":10,"column":1}},"line":5},"1":{"name":"(anonymous_1)","decl":{"start":{"line":9,"column":10},"end":{"line":9,"column":11}},"loc":{"start":{"line":9,"column":16},"end":{"line":9,"column":53}},"line":9}},"branchMap":{},"s":{"0":3,"1":3,"2":3,"3":3,"4":22,"5":22,"6":19},"f":{"0":22,"1":19},"b":{},"_coverageSchema":"1a1c01bbd47fc00a2c39e90264f33305004495a9","hash":"4bc3573cf576e3ca65d7b6314700c0cf54e8a9b0"}
,"C:\\Users\\zkare\\source\\repos\\node-js\\vidly\\startup\\logging.js": {"path":"C:\\Users\\zkare\\source\\repos\\node-js\\vidly\\startup\\logging.js","statementMap":{"0":{"start":{"line":1,"column":16},"end":{"line":1,"column":34}},"1":{"start":{"line":4,"column":0},"end":{"line":24,"column":2}},"2":{"start":{"line":5,"column":4},"end":{"line":8,"column":6}},"3":{"start":{"line":10,"column":4},"end":{"line":13,"column":7}},"4":{"start":{"line":11,"column":8},"end":{"line":11,"column":38}},"5":{"start":{"line":12,"column":8},"end":{"line":12,"column":24}},"6":{"start":{"line":15,"column":4},"end":{"line":15,"column":74}}},"fnMap":{"0":{"name":"(anonymous_0)","decl":{"start":{"line":4,"column":17},"end":{"line":4,"column":18}},"loc":{"start":{"line":4,"column":29},"end":{"line":24,"column":1}},"line":4},"1":{"name":"(anonymous_1)","decl":{"start":{"line":10,"column":36},"end":{"line":10,"column":37}},"loc":{"start":{"line":10,"column":44},"end":{"line":13,"column":5}},"line":10}},"branchMap":{},"s":{"0":3,"1":3,"2":22,"3":22,"4":0,"5":0,"6":22},"f":{"0":22,"1":0},"b":{},"_coverageSchema":"1a1c01bbd47fc00a2c39e90264f33305004495a9","hash":"ab144cf2e036692f3c11cff8e0b38a92b965f9af"}
,"C:\\Users\\zkare\\source\\repos\\node-js\\vidly\\startup\\prod.js": {"path":"C:\\Users\\zkare\\source\\repos\\node-js\\vidly\\startup\\prod.js","statementMap":{"0":{"start":{"line":1,"column":15},"end":{"line":1,"column":32}}},"fnMap":{},"branchMap":{},"s":{"0":3},"f":{},"b":{},"_coverageSchema":"1a1c01bbd47fc00a2c39e90264f33305004495a9","hash":"f1a3670d5a165b2be2b83edc07efa0b1c313313c"}
,"C:\\Users\\zkare\\source\\repos\\node-js\\vidly\\startup\\routes.js": {"path":"C:\\Users\\zkare\\source\\repos\\node-js\\vidly\\startup\\routes.js","statementMap":{"0":{"start":{"line":1,"column":16},"end":{"line":1,"column":34}},"1":{"start":{"line":2,"column":15},"end":{"line":2,"column":42}},"2":{"start":{"line":3,"column":18},"end":{"line":3,"column":48}},"3":{"start":{"line":4,"column":15},"end":{"line":4,"column":42}},"4":{"start":{"line":5,"column":16},"end":{"line":5,"column":44}},"5":{"start":{"line":6,"column":14},"end":{"line":6,"column":40}},"6":{"start":{"line":7,"column":16},"end":{"line":7,"column":44}},"7":{"start":{"line":8,"column":13},"end":{"line":8,"column":38}},"8":{"start":{"line":9,"column":14},"end":{"line":9,"column":44}},"9":{"start":{"line":11,"column":0},"end":{"line":21,"column":1}},"10":{"start":{"line":12,"column":4},"end":{"line":12,"column":28}},"11":{"start":{"line":13,"column":4},"end":{"line":13,"column":35}},"12":{"start":{"line":14,"column":4},"end":{"line":14,"column":41}},"13":{"start":{"line":15,"column":4},"end":{"line":15,"column":35}},"14":{"start":{"line":16,"column":4},"end":{"line":16,"column":37}},"15":{"start":{"line":17,"column":4},"end":{"line":17,"column":33}},"16":{"start":{"line":18,"column":4},"end":{"line":18,"column":37}},"17":{"start":{"line":19,"column":4},"end":{"line":19,"column":31}},"18":{"start":{"line":20,"column":4},"end":{"line":20,"column":19}}},"fnMap":{"0":{"name":"(anonymous_0)","decl":{"start":{"line":11,"column":17},"end":{"line":11,"column":18}},"loc":{"start":{"line":11,"column":31},"end":{"line":21,"column":1}},"line":11}},"branchMap":{},"s":{"0":3,"1":3,"2":3,"3":3,"4":3,"5":3,"6":3,"7":3,"8":3,"9":3,"10":22,"11":22,"12":22,"13":22,"14":22,"15":22,"16":22,"17":22,"18":22},"f":{"0":22},"b":{},"_coverageSchema":"1a1c01bbd47fc00a2c39e90264f33305004495a9","hash":"07357ae5c613338a73c70b7c51d4c6c69b69888a"}
,"C:\\Users\\zkare\\source\\repos\\node-js\\vidly\\startup\\validation.js": {"path":"C:\\Users\\zkare\\source\\repos\\node-js\\vidly\\startup\\validation.js","statementMap":{"0":{"start":{"line":1,"column":12},"end":{"line":1,"column":26}},"1":{"start":{"line":3,"column":0},"end":{"line":5,"column":2}},"2":{"start":{"line":4,"column":2},"end":{"line":4,"column":46}}},"fnMap":{"0":{"name":"(anonymous_0)","decl":{"start":{"line":3,"column":17},"end":{"line":3,"column":18}},"loc":{"start":{"line":3,"column":29},"end":{"line":5,"column":1}},"line":3}},"branchMap":{},"s":{"0":3,"1":3,"2":22},"f":{"0":22},"b":{},"_coverageSchema":"1a1c01bbd47fc00a2c39e90264f33305004495a9","hash":"05f7b147c0b3a10e4ba2c3d2e69587d3ff4d40dd"}
}
